<?xml version="1.0" encoding="UTF-8"?>
<testsuite xmlns:xsi="http://www.w3.org/2001/XMLSchema-instance" xsi:noNamespaceSchemaLocation="https://maven.apache.org/surefire/maven-surefire-plugin/xsd/surefire-test-report.xsd" name="cn.heikaqiu.booktt.BookttApplicationTests" time="14.724" tests="8" errors="0" skipped="0" failures="0">
  <properties>
[...]
</properties>
  <testcase name="testHttpClientUtils" classname="cn.heikaqiu.booktt.BookttApplicationTests" time="1.242"/>
  <testcase name="textGetTime" classname="cn.heikaqiu.booktt.BookttApplicationTests" time="0.01"/>
  <testcase name="contextLoads1" classname="cn.heikaqiu.booktt.BookttApplicationTests" time="2.271"/>
  <testcase name="contextLoads2" classname="cn.heikaqiu.booktt.BookttApplicationTests" time="0.273"/>
  <testcase name="contextLoads" classname="cn.heikaqiu.booktt.BookttApplicationTests" time="0.026"/>
  <testcase name="testgenerateQRCode" classname="cn.heikaqiu.booktt.BookttApplicationTests" time="0.155"/>
  <testcase name="testnationality" classname="cn.heikaqiu.booktt.BookttApplicationTests" time="0.197"/>
  <testcase name="generateQRCode" classname="cn.heikaqiu.booktt.BookttApplicationTests" time="0.018"/>
</testsuite>